Analysis & Synthesis report for compteur
Sun Oct  9 17:21:00 2022
Quartus Prime Version 21.1.1 Build 850 06/23/2022 SJ Lite Edition


---------------------
; Table of Contents ;
---------------------
  1. Legal Notice
  2. Analysis & Synthesis Summary
  3. Analysis & Synthesis Settings
  4. Parallel Compilation
  5. Analysis & Synthesis Source Files Read
  6. Analysis & Synthesis Resource Usage Summary
  7. Analysis & Synthesis Resource Utilization by Entity
  8. Registers Removed During Synthesis
  9. General Register Statistics
 10. Inverted Register Statistics
 11. Parameter Settings for User Entity Instance: CLOCK:Horloge
 12. Port Connectivity Checks: "CLOCK:Horloge"
 13. Analysis & Synthesis Messages



----------------
; Legal Notice ;
----------------
Copyright (C) 2022  Intel Corporation. All rights reserved.
Your use of Intel Corporation's design tools, logic functions 
and other software and tools, and any partner logic 
functions, and any output files from any of the foregoing 
(including device programming or simulation files), and any 
associated documentation or information are expressly subject 
to the terms and conditions of the Intel Program License 
Subscription Agreement, the Intel Quartus Prime License Agreement,
the Intel FPGA IP License Agreement, or other applicable license
agreement, including, without limitation, that your use is for
the sole purpose of programming logic devices manufactured by
Intel and sold by Intel or its authorized distributors.  Please
refer to the applicable agreement for further details, at
https://fpgasoftware.intel.com/eula.



+---------------------------------------------------------------------------+
; Analysis & Synthesis Summary                                              ;
+-----------------------------+---------------------------------------------+
; Analysis & Synthesis Status ; Successful - Sun Oct  9 17:21:00 2022       ;
; Quartus Prime Version       ; 21.1.1 Build 850 06/23/2022 SJ Lite Edition ;
; Revision Name               ; compteur                                    ;
; Top-level Entity Name       ; AFFICHEUR_DISPLAY                           ;
; Family                      ; MAX II                                      ;
; Total logic elements        ; 90                                          ;
; Total pins                  ; 8                                           ;
; Total virtual pins          ; 0                                           ;
; UFM blocks                  ; 0 / 1 ( 0 % )                               ;
+-----------------------------+---------------------------------------------+


+------------------------------------------------------------------------------------------------------------+
; Analysis & Synthesis Settings                                                                              ;
+------------------------------------------------------------------+--------------------+--------------------+
; Option                                                           ; Setting            ; Default Value      ;
+------------------------------------------------------------------+--------------------+--------------------+
; Device                                                           ; EPM240T100C5       ;                    ;
; Top-level entity name                                            ; AFFICHEUR_DISPLAY  ; compteur           ;
; Family name                                                      ; MAX II             ; Cyclone V          ;
; VHDL Show LMF Mapping Messages                                   ; Off                ;                    ;
; VHDL Version                                                     ; VHDL_2008          ; VHDL_1993          ;
; Use smart compilation                                            ; Off                ; Off                ;
; Enable parallel Assembler and Timing Analyzer during compilation ; On                 ; On                 ;
; Enable compact report table                                      ; Off                ; Off                ;
; Restructure Multiplexers                                         ; Auto               ; Auto               ;
; Create Debugging Nodes for IP Cores                              ; Off                ; Off                ;
; Preserve fewer node names                                        ; On                 ; On                 ;
; Intel FPGA IP Evaluation Mode                                    ; Enable             ; Enable             ;
; Verilog Version                                                  ; Verilog_2001       ; Verilog_2001       ;
; State Machine Processing                                         ; Auto               ; Auto               ;
; Safe State Machine                                               ; Off                ; Off                ;
; Extract Verilog State Machines                                   ; On                 ; On                 ;
; Extract VHDL State Machines                                      ; On                 ; On                 ;
; Ignore Verilog initial constructs                                ; Off                ; Off                ;
; Iteration limit for constant Verilog loops                       ; 5000               ; 5000               ;
; Iteration limit for non-constant Verilog loops                   ; 250                ; 250                ;
; Add Pass-Through Logic to Inferred RAMs                          ; On                 ; On                 ;
; Infer RAMs from Raw Logic                                        ; On                 ; On                 ;
; Parallel Synthesis                                               ; On                 ; On                 ;
; NOT Gate Push-Back                                               ; On                 ; On                 ;
; Power-Up Don't Care                                              ; On                 ; On                 ;
; Remove Redundant Logic Cells                                     ; Off                ; Off                ;
; Remove Duplicate Registers                                       ; On                 ; On                 ;
; Ignore CARRY Buffers                                             ; Off                ; Off                ;
; Ignore CASCADE Buffers                                           ; Off                ; Off                ;
; Ignore GLOBAL Buffers                                            ; Off                ; Off                ;
; Ignore ROW GLOBAL Buffers                                        ; Off                ; Off                ;
; Ignore LCELL Buffers                                             ; Off                ; Off                ;
; Ignore SOFT Buffers                                              ; On                 ; On                 ;
; Limit AHDL Integers to 32 Bits                                   ; Off                ; Off                ;
; Optimization Technique                                           ; Balanced           ; Balanced           ;
; Carry Chain Length                                               ; 70                 ; 70                 ;
; Auto Carry Chains                                                ; On                 ; On                 ;
; Auto Open-Drain Pins                                             ; On                 ; On                 ;
; Perform WYSIWYG Primitive Resynthesis                            ; Off                ; Off                ;
; Auto Shift Register Replacement                                  ; Auto               ; Auto               ;
; Allow Shift Register Merging across Hierarchies                  ; Auto               ; Auto               ;
; Auto Clock Enable Replacement                                    ; On                 ; On                 ;
; Allow Synchronous Control Signals                                ; On                 ; On                 ;
; Force Use of Synchronous Clear Signals                           ; Off                ; Off                ;
; Auto Resource Sharing                                            ; Off                ; Off                ;
; Use LogicLock Constraints during Resource Balancing              ; On                 ; On                 ;
; Ignore translate_off and synthesis_off directives                ; Off                ; Off                ;
; Report Parameter Settings                                        ; On                 ; On                 ;
; Report Source Assignments                                        ; On                 ; On                 ;
; Report Connectivity Checks                                       ; On                 ; On                 ;
; Ignore Maximum Fan-Out Assignments                               ; Off                ; Off                ;
; Synchronization Register Chain Length                            ; 2                  ; 2                  ;
; Power Optimization During Synthesis                              ; Normal compilation ; Normal compilation ;
; HDL message level                                                ; Level2             ; Level2             ;
; Suppress Register Optimization Related Messages                  ; Off                ; Off                ;
; Number of Removed Registers Reported in Synthesis Report         ; 5000               ; 5000               ;
; Number of Swept Nodes Reported in Synthesis Report               ; 5000               ; 5000               ;
; Number of Inverted Registers Reported in Synthesis Report        ; 100                ; 100                ;
; Clock MUX Protection                                             ; On                 ; On                 ;
; Block Design Naming                                              ; Auto               ; Auto               ;
; Synthesis Effort                                                 ; Auto               ; Auto               ;
; Shift Register Replacement - Allow Asynchronous Clear Signal     ; On                 ; On                 ;
; Analysis & Synthesis Message Level                               ; Medium             ; Medium             ;
; Disable Register Merging Across Hierarchies                      ; Auto               ; Auto               ;
+------------------------------------------------------------------+--------------------+--------------------+


+------------------------------------------+
; Parallel Compilation                     ;
+----------------------------+-------------+
; Processors                 ; Number      ;
+----------------------------+-------------+
; Number detected on machine ; 16          ;
; Maximum allowed            ; 16          ;
;                            ;             ;
; Average used               ; 1.00        ;
; Maximum used               ; 1           ;
;                            ;             ;
; Usage by Processor         ; % Time Used ;
;     Processor 1            ; 100.0%      ;
+----------------------------+-------------+


+----------------------------------------------------------------------------------------------------------------------------------------------+
; Analysis & Synthesis Source Files Read                                                                                                       ;
+----------------------------------+-----------------+-----------------+-------------------------------------------------------------+---------+
; File Name with User-Entered Path ; Used in Netlist ; File Type       ; File Name with Absolute Path                                ; Library ;
+----------------------------------+-----------------+-----------------+-------------------------------------------------------------+---------+
; affichage.vhd                    ; yes             ; User VHDL File  ; C:/Users/mbdj/Dev/Electronique/FPGA/affichage/affichage.vhd ;         ;
+----------------------------------+-----------------+-----------------+-------------------------------------------------------------+---------+


+--------------------------------------------------------------------------+
; Analysis & Synthesis Resource Usage Summary                              ;
+---------------------------------------------+----------------------------+
; Resource                                    ; Usage                      ;
+---------------------------------------------+----------------------------+
; Total logic elements                        ; 90                         ;
;     -- Combinational with no register       ; 51                         ;
;     -- Register only                        ; 0                          ;
;     -- Combinational with a register        ; 39                         ;
;                                             ;                            ;
; Logic element usage by number of LUT inputs ;                            ;
;     -- 4 input functions                    ; 11                         ;
;     -- 3 input functions                    ; 12                         ;
;     -- 2 input functions                    ; 66                         ;
;     -- 1 input functions                    ; 1                          ;
;     -- 0 input functions                    ; 0                          ;
;                                             ;                            ;
; Logic elements by mode                      ;                            ;
;     -- normal mode                          ; 59                         ;
;     -- arithmetic mode                      ; 31                         ;
;     -- qfbk mode                            ; 0                          ;
;     -- register cascade mode                ; 0                          ;
;     -- synchronous clear/load mode          ; 0                          ;
;     -- asynchronous clear/load mode         ; 0                          ;
;                                             ;                            ;
; Total registers                             ; 39                         ;
; Total logic cells in carry chains           ; 32                         ;
; I/O pins                                    ; 8                          ;
; Maximum fan-out node                        ; CLOCK:Horloge|LessThan0~11 ;
; Maximum fan-out                             ; 33                         ;
; Total fan-out                               ; 259                        ;
; Average fan-out                             ; 2.64                       ;
+---------------------------------------------+----------------------------+


+---------------------------------------------------------------------------------------------------------------------------------------------------------------------------------------------------------------------------------------------------------------------------------------------------+
; Analysis & Synthesis Resource Utilization by Entity                                                                                                                                                                                                                                               ;
+----------------------------------------------+-------------+--------------+------------+------+--------------+--------------+-------------------+------------------+-----------------+------------+------------------------------------------------------------+-------------------+--------------+
; Compilation Hierarchy Node                   ; Logic Cells ; LC Registers ; UFM Blocks ; Pins ; Virtual Pins ; LUT-Only LCs ; Register-Only LCs ; LUT/Register LCs ; Carry Chain LCs ; Packed LCs ; Full Hierarchy Name                                        ; Entity Name       ; Library Name ;
+----------------------------------------------+-------------+--------------+------------+------+--------------+--------------+-------------------+------------------+-----------------+------------+------------------------------------------------------------+-------------------+--------------+
; |AFFICHEUR_DISPLAY                           ; 90 (0)      ; 39           ; 0          ; 8    ; 0            ; 51 (0)       ; 0 (0)             ; 39 (0)           ; 32 (0)          ; 0 (0)      ; |AFFICHEUR_DISPLAY                                         ; AFFICHEUR_DISPLAY ; work         ;
;    |CLOCK:Horloge|                           ; 77 (77)     ; 33           ; 0          ; 0    ; 0            ; 44 (44)      ; 0 (0)             ; 33 (33)          ; 32 (32)         ; 0 (0)      ; |AFFICHEUR_DISPLAY|CLOCK:Horloge                           ; CLOCK             ; work         ;
;    |LED_DISPLAY:Afficheur_de_nombres|        ; 7 (7)       ; 0            ; 0          ; 0    ; 0            ; 7 (7)        ; 0 (0)             ; 0 (0)            ; 0 (0)           ; 0 (0)      ; |AFFICHEUR_DISPLAY|LED_DISPLAY:Afficheur_de_nombres        ; LED_DISPLAY       ; work         ;
;    |NOMBRE_A_AFFICHER:Generateur_de_nombres| ; 6 (6)       ; 6            ; 0          ; 0    ; 0            ; 0 (0)        ; 0 (0)             ; 6 (6)            ; 0 (0)           ; 0 (0)      ; |AFFICHEUR_DISPLAY|NOMBRE_A_AFFICHER:Generateur_de_nombres ; NOMBRE_A_AFFICHER ; work         ;
+----------------------------------------------+-------------+--------------+------------+------+--------------+--------------+-------------------+------------------+-----------------+------------+------------------------------------------------------------+-------------------+--------------+
Note: For table entries with two numbers listed, the numbers in parentheses indicate the number of resources of the given type used by the specific entity alone. The numbers listed outside of parentheses indicate the total resources of the given type used by the specific entity and all of its sub-entities in the hierarchy.


+--------------------------------------------------------------------------------------------+
; Registers Removed During Synthesis                                                         ;
+---------------------------------------------------+----------------------------------------+
; Register name                                     ; Reason for Removal                     ;
+---------------------------------------------------+----------------------------------------+
; NOMBRE_A_AFFICHER:Generateur_de_nombres|nombre[3] ; Stuck at GND due to stuck port data_in ;
; Total Number of Removed Registers = 1             ;                                        ;
+---------------------------------------------------+----------------------------------------+


+------------------------------------------------------+
; General Register Statistics                          ;
+----------------------------------------------+-------+
; Statistic                                    ; Value ;
+----------------------------------------------+-------+
; Total registers                              ; 39    ;
; Number of registers using Synchronous Clear  ; 0     ;
; Number of registers using Synchronous Load   ; 0     ;
; Number of registers using Asynchronous Clear ; 0     ;
; Number of registers using Asynchronous Load  ; 0     ;
; Number of registers using Clock Enable       ; 0     ;
; Number of registers using Preset             ; 0     ;
+----------------------------------------------+-------+


+-------------------------------------------------------------+
; Inverted Register Statistics                                ;
+---------------------------------------------------+---------+
; Inverted Register                                 ; Fan out ;
+---------------------------------------------------+---------+
; NOMBRE_A_AFFICHER:Generateur_de_nombres|indice[0] ; 5       ;
; CLOCK:Horloge|Compteur[0]                         ; 3       ;
; Total number of inverted registers = 2            ;         ;
+---------------------------------------------------+---------+


+------------------------------------------------------------+
; Parameter Settings for User Entity Instance: CLOCK:Horloge ;
+----------------+----------+--------------------------------+
; Parameter Name ; Value    ; Type                           ;
+----------------+----------+--------------------------------+
; diviseur       ; 25000000 ; Signed Integer                 ;
+----------------+----------+--------------------------------+
Note: In order to hide this table in the UI and the text report file, please set the "Show Parameter Settings in Synthesis Report" option in "Analysis and Synthesis Settings -> More Settings" to "Off".


+------------------------------------------------------------------------------------------------------------------------------------------+
; Port Connectivity Checks: "CLOCK:Horloge"                                                                                                ;
+---------+-------+------------------+-----------------------------------------------------------------------------------------------------+
; Port    ; Type  ; Severity         ; Details                                                                                             ;
+---------+-------+------------------+-----------------------------------------------------------------------------------------------------+
; clk_out ; Bidir ; Critical Warning ; Port on prototype, e.g. VHDL component, declared as "Output" but port on entity declared as "Bidir" ;
+---------+-------+------------------+-----------------------------------------------------------------------------------------------------+


+-------------------------------+
; Analysis & Synthesis Messages ;
+-------------------------------+
Info: *******************************************************************
Info: Running Quartus Prime Analysis & Synthesis
    Info: Version 21.1.1 Build 850 06/23/2022 SJ Lite Edition
    Info: Processing started: Sun Oct  9 17:20:54 2022
Info: Command: quartus_map --read_settings_files=on --write_settings_files=off compteur -c compteur
Warning (18236): Number of processors has not been specified which may cause overloading on shared machines.  Set the global assignment NUM_PARALLEL_PROCESSORS in your QSF to an appropriate value for best performance.
Info (20030): Parallel compilation is enabled and will use 16 of the 16 processors detected
Info (12021): Found 8 design units, including 4 entities, in source file affichage.vhd
    Info (12022): Found design unit 1: LED_DISPLAY-LED_DISPLAY_ARCHITECTURE File: C:/Users/mbdj/Dev/Electronique/FPGA/affichage/affichage.vhd Line: 63
    Info (12022): Found design unit 2: CLOCK-CLOCK_ARCHITECTURE File: C:/Users/mbdj/Dev/Electronique/FPGA/affichage/affichage.vhd Line: 96
    Info (12022): Found design unit 3: NOMBRE_A_AFFICHER-NOMBRE_A_AFFICHER_ARCHITECTURE File: C:/Users/mbdj/Dev/Electronique/FPGA/affichage/affichage.vhd Line: 136
    Info (12022): Found design unit 4: AFFICHEUR_DISPLAY-AFFICHEUR_DISPLAY_ARCHITECTURE File: C:/Users/mbdj/Dev/Electronique/FPGA/affichage/affichage.vhd Line: 177
    Info (12023): Found entity 1: LED_DISPLAY File: C:/Users/mbdj/Dev/Electronique/FPGA/affichage/affichage.vhd Line: 55
    Info (12023): Found entity 2: CLOCK File: C:/Users/mbdj/Dev/Electronique/FPGA/affichage/affichage.vhd Line: 86
    Info (12023): Found entity 3: NOMBRE_A_AFFICHER File: C:/Users/mbdj/Dev/Electronique/FPGA/affichage/affichage.vhd Line: 129
    Info (12023): Found entity 4: AFFICHEUR_DISPLAY File: C:/Users/mbdj/Dev/Electronique/FPGA/affichage/affichage.vhd Line: 170
Info (12127): Elaborating entity "AFFICHEUR_DISPLAY" for the top level hierarchy
Info (12128): Elaborating entity "CLOCK" for hierarchy "CLOCK:Horloge" File: C:/Users/mbdj/Dev/Electronique/FPGA/affichage/affichage.vhd Line: 206
Info (12128): Elaborating entity "NOMBRE_A_AFFICHER" for hierarchy "NOMBRE_A_AFFICHER:Generateur_de_nombres" File: C:/Users/mbdj/Dev/Electronique/FPGA/affichage/affichage.vhd Line: 207
Warning (10542): VHDL Variable Declaration warning at affichage.vhd(143): used initial value expression for variable "table_de_nombres" because variable was never assigned a value File: C:/Users/mbdj/Dev/Electronique/FPGA/affichage/affichage.vhd Line: 143
Info (12128): Elaborating entity "LED_DISPLAY" for hierarchy "LED_DISPLAY:Afficheur_de_nombres" File: C:/Users/mbdj/Dev/Electronique/FPGA/affichage/affichage.vhd Line: 208
Warning (12241): 1 hierarchies have connectivity warnings - see the Connectivity Checks report folder
Info (21057): Implemented 98 device resources after synthesis - the final resource count might be different
    Info (21058): Implemented 1 input pins
    Info (21059): Implemented 7 output pins
    Info (21061): Implemented 90 logic cells
Info: Quartus Prime Analysis & Synthesis was successful. 0 errors, 3 warnings
    Info: Peak virtual memory: 4782 megabytes
    Info: Processing ended: Sun Oct  9 17:21:00 2022
    Info: Elapsed time: 00:00:06
    Info: Total CPU time (on all processors): 00:00:15


