Flow report for compteur
Sun Oct  9 17:21:06 2022
Quartus Prime Version 21.1.1 Build 850 06/23/2022 SJ Lite Edition


---------------------
; Table of Contents ;
---------------------
  1. Legal Notice
  2. Flow Summary
  3. Flow Settings
  4. Flow Non-Default Global Settings
  5. Flow Elapsed Time
  6. Flow OS Summary
  7. Flow Log
  8. Flow Messages
  9. Flow Suppressed Messages



----------------
; Legal Notice ;
----------------
Copyright (C) 2022  Intel Corporation. All rights reserved.
Your use of Intel Corporation's design tools, logic functions 
and other software and tools, and any partner logic 
functions, and any output files from any of the foregoing 
(including device programming or simulation files), and any 
associated documentation or information are expressly subject 
to the terms and conditions of the Intel Program License 
Subscription Agreement, the Intel Quartus Prime License Agreement,
the Intel FPGA IP License Agreement, or other applicable license
agreement, including, without limitation, that your use is for
the sole purpose of programming logic devices manufactured by
Intel and sold by Intel or its authorized distributors.  Please
refer to the applicable agreement for further details, at
https://fpgasoftware.intel.com/eula.



+---------------------------------------------------------------------+
; Flow Summary                                                        ;
+-----------------------+---------------------------------------------+
; Flow Status           ; Successful - Sun Oct  9 17:21:06 2022       ;
; Quartus Prime Version ; 21.1.1 Build 850 06/23/2022 SJ Lite Edition ;
; Revision Name         ; compteur                                    ;
; Top-level Entity Name ; AFFICHEUR_DISPLAY                           ;
; Family                ; MAX II                                      ;
; Device                ; EPM240T100C5                                ;
; Timing Models         ; Final                                       ;
; Total logic elements  ; 90 / 240 ( 38 % )                           ;
; Total pins            ; 8 / 80 ( 10 % )                             ;
; Total virtual pins    ; 0                                           ;
; UFM blocks            ; 0 / 1 ( 0 % )                               ;
+-----------------------+---------------------------------------------+


+-----------------------------------------+
; Flow Settings                           ;
+-------------------+---------------------+
; Option            ; Setting             ;
+-------------------+---------------------+
; Start date & time ; 10/09/2022 17:20:54 ;
; Main task         ; Compilation         ;
; Revision Name     ; compteur            ;
+-------------------+---------------------+


+------------------------------------------------------------------------------------------------------------------------------------------+
; Flow Non-Default Global Settings                                                                                                         ;
+---------------------------------------+--------------------------------+---------------+-------------+-----------------------------------+
; Assignment Name                       ; Value                          ; Default Value ; Entity Name ; Section Id                        ;
+---------------------------------------+--------------------------------+---------------+-------------+-----------------------------------+
; COMPILER_SIGNATURE_ID                 ; 84531185803830.166532885410164 ; --            ; --          ; --                                ;
; EDA_GENERATE_FUNCTIONAL_NETLIST       ; Off                            ; --            ; --          ; eda_board_design_timing           ;
; EDA_GENERATE_FUNCTIONAL_NETLIST       ; Off                            ; --            ; --          ; eda_board_design_boundary_scan    ;
; EDA_GENERATE_FUNCTIONAL_NETLIST       ; Off                            ; --            ; --          ; eda_board_design_signal_integrity ;
; EDA_GENERATE_FUNCTIONAL_NETLIST       ; Off                            ; --            ; --          ; eda_board_design_symbol           ;
; EDA_OUTPUT_DATA_FORMAT                ; Vhdl                           ; --            ; --          ; eda_simulation                    ;
; EDA_SIMULATION_TOOL                   ; Questa Intel FPGA (VHDL)       ; <None>        ; --          ; --                                ;
; EDA_TIME_SCALE                        ; 1 ps                           ; --            ; --          ; eda_simulation                    ;
; MAX_CORE_JUNCTION_TEMP                ; 85                             ; --            ; --          ; --                                ;
; MIN_CORE_JUNCTION_TEMP                ; 0                              ; --            ; --          ; --                                ;
; POWER_EXT_SUPPLY_VOLTAGE_TO_REGULATOR ; 3.3V                           ; --            ; --          ; --                                ;
; POWER_PRESET_COOLING_SOLUTION         ; No Heat Sink With Still Air    ; --            ; --          ; --                                ;
; PROJECT_OUTPUT_DIRECTORY              ; output_files                   ; --            ; --          ; --                                ;
; TOP_LEVEL_ENTITY                      ; AFFICHEUR_DISPLAY              ; compteur      ; --          ; --                                ;
; VHDL_INPUT_VERSION                    ; VHDL_2008                      ; VHDL_1993     ; --          ; --                                ;
; VHDL_SHOW_LMF_MAPPING_MESSAGES        ; Off                            ; --            ; --          ; --                                ;
+---------------------------------------+--------------------------------+---------------+-------------+-----------------------------------+


+--------------------------------------------------------------------------------------------------------------------------+
; Flow Elapsed Time                                                                                                        ;
+----------------------+--------------+-------------------------+---------------------+------------------------------------+
; Module Name          ; Elapsed Time ; Average Processors Used ; Peak Virtual Memory ; Total CPU Time (on all processors) ;
+----------------------+--------------+-------------------------+---------------------+------------------------------------+
; Analysis & Synthesis ; 00:00:06     ; 1.0                     ; 4782 MB             ; 00:00:15                           ;
; Fitter               ; 00:00:01     ; 1.1                     ; 6160 MB             ; 00:00:02                           ;
; Assembler            ; 00:00:00     ; 1.0                     ; 4682 MB             ; 00:00:00                           ;
; Timing Analyzer      ; 00:00:00     ; 1.0                     ; 4680 MB             ; 00:00:01                           ;
; EDA Netlist Writer   ; 00:00:01     ; 1.0                     ; 4628 MB             ; 00:00:00                           ;
; Total                ; 00:00:08     ; --                      ; --                  ; 00:00:18                           ;
+----------------------+--------------+-------------------------+---------------------+------------------------------------+


+------------------------------------------------------------------------------------+
; Flow OS Summary                                                                    ;
+----------------------+------------------+------------+------------+----------------+
; Module Name          ; Machine Hostname ; OS Name    ; OS Version ; Processor type ;
+----------------------+------------------+------------+------------+----------------+
; Analysis & Synthesis ; LAPTOP-BRLHB1HB  ; Windows 10 ; 10.0       ; x86_64         ;
; Fitter               ; LAPTOP-BRLHB1HB  ; Windows 10 ; 10.0       ; x86_64         ;
; Assembler            ; LAPTOP-BRLHB1HB  ; Windows 10 ; 10.0       ; x86_64         ;
; Timing Analyzer      ; LAPTOP-BRLHB1HB  ; Windows 10 ; 10.0       ; x86_64         ;
; EDA Netlist Writer   ; LAPTOP-BRLHB1HB  ; Windows 10 ; 10.0       ; x86_64         ;
+----------------------+------------------+------------+------------+----------------+


------------
; Flow Log ;
------------
quartus_map --read_settings_files=on --write_settings_files=off compteur -c compteur
quartus_fit --read_settings_files=off --write_settings_files=off compteur -c compteur
quartus_asm --read_settings_files=off --write_settings_files=off compteur -c compteur
quartus_sta compteur -c compteur
quartus_eda --read_settings_files=off --write_settings_files=off compteur -c compteur



